d:\苏晨\visual studio\plane_game_final\plane_game_final\x64\release\vc143.pdb
d:\苏晨\visual studio\plane_game_final\plane_game_final\x64\release\vector.obj
d:\苏晨\visual studio\plane_game_final\plane_game_final\x64\release\soundmanager.obj
d:\苏晨\visual studio\plane_game_final\plane_game_final\x64\release\menuscene.obj
d:\苏晨\visual studio\plane_game_final\plane_game_final\x64\release\mainscene.obj
d:\苏晨\visual studio\plane_game_final\plane_game_final\x64\release\main.obj
d:\苏晨\visual studio\plane_game_final\plane_game_final\x64\release\image.obj
d:\苏晨\visual studio\plane_game_final\plane_game_final\x64\release\hero.obj
d:\苏晨\visual studio\plane_game_final\plane_game_final\x64\release\gameloop.obj
d:\苏晨\visual studio\plane_game_final\plane_game_final\x64\release\enemy2.obj
d:\苏晨\visual studio\plane_game_final\plane_game_final\x64\release\enemy1.obj
d:\苏晨\visual studio\plane_game_final\plane_game_final\x64\release\enemy0.obj
d:\苏晨\visual studio\plane_game_final\plane_game_final\x64\release\enemy.obj
d:\苏晨\visual studio\plane_game_final\plane_game_final\x64\release\bullet.obj
d:\苏晨\visual studio\plane_game_final\plane_game_final\x64\release\background.obj
d:\苏晨\visual studio\plane_game_final\x64\release\plane_game_final.exe
d:\苏晨\visual studio\plane_game_final\x64\release\plane_game_final.pdb
d:\苏晨\visual studio\plane_game_final\plane_game_final\x64\release\plane_game_final.ipdb
d:\苏晨\visual studio\plane_game_final\plane_game_final\x64\release\plane_game_final.iobj
d:\苏晨\visual studio\plane_game_final\plane_game_final\x64\release\plane_game_final.tlog\cl.command.1.tlog
d:\苏晨\visual studio\plane_game_final\plane_game_final\x64\release\plane_game_final.tlog\cl.items.tlog
d:\苏晨\visual studio\plane_game_final\plane_game_final\x64\release\plane_game_final.tlog\cl.read.1.tlog
d:\苏晨\visual studio\plane_game_final\plane_game_final\x64\release\plane_game_final.tlog\cl.write.1.tlog
d:\苏晨\visual studio\plane_game_final\plane_game_final\x64\release\plane_game_final.tlog\link.command.1.tlog
d:\苏晨\visual studio\plane_game_final\plane_game_final\x64\release\plane_game_final.tlog\link.read.1.tlog
d:\苏晨\visual studio\plane_game_final\plane_game_final\x64\release\plane_game_final.tlog\link.secondary.1.tlog
d:\苏晨\visual studio\plane_game_final\plane_game_final\x64\release\plane_game_final.tlog\link.write.1.tlog
