d:\苏晨\visual studio\plane_game_final\plane_game_final\x64\debug\vc143.pdb
d:\苏晨\visual studio\plane_game_final\plane_game_final\x64\debug\vc143.idb
d:\苏晨\visual studio\plane_game_final\plane_game_final\x64\debug\vector.obj
d:\苏晨\visual studio\plane_game_final\plane_game_final\x64\debug\soundmanager.obj
d:\苏晨\visual studio\plane_game_final\plane_game_final\x64\debug\menuscene.obj
d:\苏晨\visual studio\plane_game_final\plane_game_final\x64\debug\mainscene.obj
d:\苏晨\visual studio\plane_game_final\plane_game_final\x64\debug\main.obj
d:\苏晨\visual studio\plane_game_final\plane_game_final\x64\debug\image.obj
d:\苏晨\visual studio\plane_game_final\plane_game_final\x64\debug\hero.obj
d:\苏晨\visual studio\plane_game_final\plane_game_final\x64\debug\gameloop.obj
d:\苏晨\visual studio\plane_game_final\plane_game_final\x64\debug\enemy2.obj
d:\苏晨\visual studio\plane_game_final\plane_game_final\x64\debug\enemy1.obj
d:\苏晨\visual studio\plane_game_final\plane_game_final\x64\debug\enemy0.obj
d:\苏晨\visual studio\plane_game_final\plane_game_final\x64\debug\enemy.obj
d:\苏晨\visual studio\plane_game_final\plane_game_final\x64\debug\bullet.obj
d:\苏晨\visual studio\plane_game_final\plane_game_final\x64\debug\background.obj
d:\苏晨\visual studio\plane_game_final\x64\debug\plane_game_final.exe
d:\苏晨\visual studio\plane_game_final\x64\debug\plane_game_final.pdb
d:\苏晨\visual studio\plane_game_final\plane_game_final\x64\debug\plane_game_final.ilk
d:\苏晨\visual studio\plane_game_final\plane_game_final\x64\debug\plane_game_final.tlog\cl.command.1.tlog
d:\苏晨\visual studio\plane_game_final\plane_game_final\x64\debug\plane_game_final.tlog\cl.items.tlog
d:\苏晨\visual studio\plane_game_final\plane_game_final\x64\debug\plane_game_final.tlog\cl.read.1.tlog
d:\苏晨\visual studio\plane_game_final\plane_game_final\x64\debug\plane_game_final.tlog\cl.write.1.tlog
d:\苏晨\visual studio\plane_game_final\plane_game_final\x64\debug\plane_game_final.tlog\link.command.1.tlog
d:\苏晨\visual studio\plane_game_final\plane_game_final\x64\debug\plane_game_final.tlog\link.read.1.tlog
d:\苏晨\visual studio\plane_game_final\plane_game_final\x64\debug\plane_game_final.tlog\link.secondary.1.tlog
d:\苏晨\visual studio\plane_game_final\plane_game_final\x64\debug\plane_game_final.tlog\link.write.1.tlog
